<?xml version="1.0" encoding="UTF-8"?>
<!-- Generated by org.testng.reporters.JUnitReportReporter -->
<testsuite hostname="TABLET-035DO2R9" failures="0" tests="1" name="com.orange.Tests.DemotTest" time="6.311" errors="0" timestamp="2023-12-12T18:14:29 GMT-06:00" skipped="0">
  <testcase classname="com.orange.Tests.DemotTest" name="testMethod" time="6.311"/>
  <system-out/>
</testsuite> <!-- com.orange.Tests.DemotTest -->
